<?xml version="1.0" encoding="UTF-8"?>
<!-- Generated by org.testng.reporters.JUnitXMLReporter -->
<testsuite ignored="0" hostname="DESKTOP-KOJOBGV" failures="1" tests="2" name="Test" time="43.992" errors="0" timestamp="2023-04-05T12:53:08 IST">
  <testcase classname="decryption.EncryptData" name="main" time="1.272"/>
  <testcase classname="decryption.decrypt_1" name="loginWithCredentialsFromExcel" time="34.99">
    <failure type="java.lang.NullPointerException" message="Cannot invoke &amp;quot;org.apache.poi.ss.usermodel.Cell.getStringCellValue()&amp;quot; because &amp;quot;userIdCell&amp;quot; is null">
      <![CDATA[java.lang.NullPointerException: Cannot invoke "org.apache.poi.ss.usermodel.Cell.getStringCellValue()" because "userIdCell" is null
at decryption.decrypt_1.loginWithCredentialsFromExcel(decrypt_1.java:49)
at java.base/java.util.ArrayList.forEach(ArrayList.java:1511)
... Removed 27 stack frames]]>
    </failure>
  </testcase> <!-- loginWithCredentialsFromExcel -->
</testsuite> <!-- Test -->
