<?xml version="1.0" encoding="UTF-8"?>
<testng-results ignored="0" total="1" passed="1" failed="0" skipped="0">
  <reporter-output>
  </reporter-output>
  <suite started-at="2023-04-06T17:16:47 IST" name="Default suite" finished-at="2023-04-06T17:17:35 IST" duration-ms="48233">
    <groups>
    </groups>
    <test started-at="2023-04-06T17:16:47 IST" name="Default test" finished-at="2023-04-06T17:17:35 IST" duration-ms="48233">
      <class name="decryption.decrypt_1">
        <test-method is-config="true" signature="setup()[pri:0, instance:decryption.decrypt_1@2df3b89c]" started-at="2023-04-06T17:16:47 IST" name="setup" finished-at="2023-04-06T17:16:54 IST" duration-ms="6838" status="PASS">
          <reporter-output>
          </reporter-output>
        </test-method> <!-- setup -->
        <test-method signature="loginWithCredentialsFromExcel()[pri:0, instance:decryption.decrypt_1@2df3b89c]" started-at="2023-04-06T17:16:54 IST" name="loginWithCredentialsFromExcel" finished-at="2023-04-06T17:17:35 IST" duration-ms="41093" status="PASS">
          <reporter-output>
          </reporter-output>
        </test-method> <!-- loginWithCredentialsFromExcel -->
        <test-method is-config="true" signature="teardown()[pri:0, instance:decryption.decrypt_1@2df3b89c]" started-at="2023-04-06T17:17:35 IST" name="teardown" finished-at="2023-04-06T17:17:35 IST" duration-ms="264" status="PASS">
          <reporter-output>
          </reporter-output>
        </test-method> <!-- teardown -->
      </class> <!-- decryption.decrypt_1 -->
    </test> <!-- Default test -->
  </suite> <!-- Default suite -->
</testng-results>
